<?xml version="1.0" encoding="UTF-8"?>
<!-- Generated by org.testng.reporters.JUnitReportReporter -->
<testsuite hostname="IKECHUKWU" failures="0" tests="3" name="RestAssured1.HTTPRequests" time="4.923" errors="0" timestamp="2025-01-30T17:05:09 WAT" skipped="0">
  <testcase classname="RestAssured1.HTTPRequests" name="getUser" time="3.434"/>
  <testcase classname="RestAssured1.HTTPRequests" name="createUser" time="0.938"/>
  <testcase classname="RestAssured1.HTTPRequests" name="updateUser" time="0.551"/>
</testsuite> <!-- RestAssured1.HTTPRequests -->
